Created by PLY version 3.11 (http://www.dabeaz.com/ply)

Grammar

Rule 0     S' -> check
Rule 1     check -> OTAG TAG_TEXT ETAG

Terminals, with rules where they appear

ETAG                 : 1
OTAG                 : 1
TAG_TEXT             : 1
error                : 

Nonterminals, with rules where they appear

check                : 0

Parsing method: LALR

state 0

    (0) S' -> . check
    (1) check -> . OTAG TAG_TEXT ETAG

    OTAG            shift and go to state 2

    check                          shift and go to state 1

state 1

    (0) S' -> check .



state 2

    (1) check -> OTAG . TAG_TEXT ETAG

    TAG_TEXT        shift and go to state 3


state 3

    (1) check -> OTAG TAG_TEXT . ETAG

    ETAG            shift and go to state 4


state 4

    (1) check -> OTAG TAG_TEXT ETAG .

    $end            reduce using rule 1 (check -> OTAG TAG_TEXT ETAG .)

